<?xml version="1.0" encoding="utf-8"?><testsuites name="pytest tests"><testsuite name="pytest" errors="0" failures="0" skipped="0" tests="5" time="1.611" timestamp="2026-09-17T02:46:50.437500+00:00" hostname="agent-env-3b70dd14-7dcc-4710-af6c-1df3f34ab0f2"><testcase classname="tests.test_backend" name="test_root" time="0.183" /><testcase classname="tests.test_backend" name="test_trending_returns_all_categories" time="0.450" /><testcase classname="tests.test_backend" name="test_detail_series_1399_has_number_of_episodes" time="0.202" /><testcase classname="tests.test_backend" name="test_recommend_with_seeds" time="0.334" /><testcase classname="tests.test_backend" name="test_recommend_with_empty_seeds" time="0.068" /></testsuite></testsuites>